GROUP,PACKAGE,CLASS,INSTRUCTION_MISSED,INSTRUCTION_COVERED,BRANCH_MISSED,BRANCH_COVERED,LINE_MISSED,LINE_COVERED,COMPLEXITY_MISSED,COMPLEXITY_COVERED,METHOD_MISSED,METHOD_COVERED
employee-spring,com.increff.pos.dao,EmployeeDao,39,15,0,0,9,6,4,3,4,3
employee-spring,com.increff.pos.dao,AbstractDao,16,3,0,0,3,1,3,1,3,1
employee-spring,com.increff.pos.dao,ProductDao,108,18,0,0,24,8,9,2,9,2
employee-spring,com.increff.pos.dao,EmployeeInMemDao,53,9,0,0,12,3,5,2,5,2
employee-spring,com.increff.pos.dao,BrandDao,64,12,0,0,15,5,6,2,6,2
employee-spring,com.increff.pos.dao,InventoryDao,44,10,0,0,11,4,5,2,5,2
employee-spring,com.increff.pos.dao,UserDao,59,12,0,0,14,5,6,2,6,2
employee-spring,com.increff.pos.dao,OrderItemDao,44,10,0,0,11,4,5,2,5,2
employee-spring,com.increff.pos.dao,OrderDao,43,10,0,0,10,4,4,2,4,2
employee-spring,com.increff.pos.service,OrderItemService,76,3,4,0,20,1,9,1,7,1
employee-spring,com.increff.pos.service,ReportsService,54,3,4,0,9,1,3,1,1,1
employee-spring,com.increff.pos.service,ApiException,4,0,0,0,2,0,1,0,1,0
employee-spring,com.increff.pos.service,EmployeeService,59,20,3,1,15,7,7,3,5,3
employee-spring,com.increff.pos.service,BrandService,132,3,10,0,32,1,13,1,8,1
employee-spring,com.increff.pos.service,ProductService,138,3,12,0,33,1,16,1,10,1
employee-spring,com.increff.pos.service,InventoryService,99,3,8,0,23,1,13,1,9,1
employee-spring,com.increff.pos.service,UserService,48,3,2,0,13,1,6,1,5,1
employee-spring,com.increff.pos.service,AboutAppService,0,9,0,0,0,3,0,3,0,3
employee-spring,com.increff.pos.service,OrderService,40,3,2,0,10,1,6,1,5,1
employee-spring,com.increff.pos.model,OrderItemData,24,0,0,0,10,0,7,0,7,0
employee-spring,com.increff.pos.model,EmployeeData,10,0,0,0,4,0,3,0,3,0
employee-spring,com.increff.pos.model,MessageData,10,0,0,0,4,0,3,0,3,0
employee-spring,com.increff.pos.model,InventoryData,10,0,0,0,4,0,3,0,3,0
employee-spring,com.increff.pos.model,EmployeeForm,17,0,0,0,7,0,5,0,5,0
employee-spring,com.increff.pos.model,InfoData,23,0,0,0,10,0,5,0,5,0
employee-spring,com.increff.pos.model,InventoryForm,31,0,0,0,13,0,9,0,9,0
employee-spring,com.increff.pos.model,ProductForm,31,0,0,0,13,0,9,0,9,0
employee-spring,com.increff.pos.model,ProductData,24,0,0,0,10,0,7,0,7,0
employee-spring,com.increff.pos.model,AboutAppData,17,0,0,0,7,0,5,0,5,0
employee-spring,com.increff.pos.model,OrderData,17,0,0,0,7,0,5,0,5,0
employee-spring,com.increff.pos.model,BrandForm,17,0,0,0,7,0,5,0,5,0
employee-spring,com.increff.pos.model,UserForm,24,0,0,0,10,0,7,0,7,0
employee-spring,com.increff.pos.model,OrderItemForm,24,0,0,0,10,0,7,0,7,0
employee-spring,com.increff.pos.model,LoginForm,17,0,0,0,7,0,5,0,5,0
employee-spring,com.increff.pos.model,InventoryReportData,17,0,0,0,7,0,5,0,5,0
employee-spring,com.increff.pos.model,BrandData,10,0,0,0,4,0,3,0,3,0
employee-spring,com.increff.pos.model,UserData,24,0,0,0,10,0,7,0,7,0
employee-spring,com.increff.pos.controller,SiteUiController,20,3,0,0,5,1,5,1,5,1
employee-spring,com.increff.pos.controller,ReportApiController,6,3,0,0,2,1,1,1,1,1
employee-spring,com.increff.pos.controller,SampleController,43,3,0,0,11,1,1,1,1,1
employee-spring,com.increff.pos.controller,AppUiController,12,3,0,0,3,1,3,1,3,1
employee-spring,com.increff.pos.controller,InitApiController,56,3,2,0,15,1,4,1,3,1
employee-spring,com.increff.pos.controller,EmployeeApiController,88,3,2,0,25,1,8,1,7,1
employee-spring,com.increff.pos.controller,AbstractUiController,30,3,2,0,6,1,2,1,1,1
employee-spring,com.increff.pos.controller,InventoryApiController,102,3,2,0,26,1,8,1,7,1
employee-spring,com.increff.pos.controller,OrderApiController,65,3,2,0,18,1,6,1,5,1
employee-spring,com.increff.pos.controller,AppRestControllerAdvice,27,3,0,0,6,1,2,1,2,1
employee-spring,com.increff.pos.controller,AdminApiController,75,3,2,0,21,1,6,1,5,1
employee-spring,com.increff.pos.controller,ProductApiController,132,3,2,0,31,1,8,1,7,1
employee-spring,com.increff.pos.controller,OrderItemApiController,98,3,2,0,27,1,8,1,7,1
employee-spring,com.increff.pos.controller,BrandApiController,104,3,2,0,27,1,8,1,7,1
employee-spring,com.increff.pos.controller,AboutApiController,16,3,0,0,4,1,1,1,1,1
employee-spring,com.increff.pos.controller,LoginController,86,3,6,0,19,1,6,1,3,1
employee-spring,com.increff.pos.util,StringUtil,7,14,3,3,1,2,4,2,1,2
employee-spring,com.increff.pos.util,IOUtil,11,0,2,0,7,0,3,0,2,0
employee-spring,com.increff.pos.util,CookieUtil,36,0,6,0,8,0,5,0,2,0
employee-spring,com.increff.pos.util,BarcodeUtil,8,0,0,0,2,0,2,0,2,0
employee-spring,com.increff.pos.util,SecurityUtil,27,0,2,0,9,0,6,0,5,0
employee-spring,com.increff.pos.util,TimestampUtil,6,0,0,0,2,0,2,0,2,0
employee-spring,com.increff.pos.util,UserPrincipal,17,0,0,0,7,0,5,0,5,0
employee-spring,com.increff.pos.pojo,ProductPojo,35,3,0,0,15,1,10,1,10,1
employee-spring,com.increff.pos.pojo,InventoryPojo,17,0,0,0,7,0,5,0,5,0
employee-spring,com.increff.pos.pojo,EmployeePojo,14,10,0,0,6,4,4,3,4,3
employee-spring,com.increff.pos.pojo,OrderItemPojo,35,3,0,0,15,1,10,1,10,1
employee-spring,com.increff.pos.pojo,BrandPojo,21,3,0,0,9,1,6,1,6,1
employee-spring,com.increff.pos.pojo,UserPojo,28,3,0,0,12,1,8,1,8,1
employee-spring,com.increff.pos.pojo,OrderPojo,14,3,0,0,6,1,4,1,4,1
employee-spring,com.increff.pos.spring,SecurityConfig,0,127,0,0,0,16,0,4,0,4
employee-spring,com.increff.pos.spring,SpringSecurityInitializer,3,0,0,0,1,0,1,0,1,0
employee-spring,com.increff.pos.spring,DbConfig,0,108,0,0,0,28,0,4,0,4
employee-spring,com.increff.pos.spring,ControllerConfig,4,141,0,0,2,29,1,8,1,8
employee-spring,com.increff.pos.spring,WebInitializer,20,0,0,0,4,0,4,0,4,0
employee-spring,com.increff.pos.spring,SpringConfig,3,0,0,0,1,0,1,0,1,0
